# JRE version: OpenJDK Runtime Environment (11.0.13) (build 11.0.13+0-b1751.21-8125866)
# Java VM: OpenJDK 64-Bit Server VM (11.0.13+0-b1751.21-8125866, mixed mode, tiered, compressed oops, g1 gc, windows-amd64)
Heap:
 garbage-first heap   total 167936K, used 102936K [0x00000006e0000000, 0x0000000800000000)
  region size 1024K, 25 young (25600K), 5 survivors (5120K)
 Metaspace       used 87660K, capacity 89857K, committed 90620K, reserved 1128448K
  class space    used 11334K, capacity 12130K, committed 12364K, reserved 1048576K
GC Heap History (20 events):
Event: 9.602 GC heap before
{Heap before GC invocations=33 (full 0):
 garbage-first heap   total 115712K, used 87283K [0x00000006e0000000, 0x0000000800000000)
  region size 1024K, 29 young (29696K), 3 survivors (3072K)
 Metaspace       used 73649K, capacity 75244K, committed 75388K, reserved 1114112K
  class space    used 9539K, capacity 10140K, committed 10188K, reserved 1048576K
}
Event: 9.609 GC heap after
{Heap after GC invocations=34 (full 0):
 garbage-first heap   total 115712K, used 62423K [0x00000006e0000000, 0x0000000800000000)
  region size 1024K, 4 young (4096K), 4 survivors (4096K)
 Metaspace       used 73649K, capacity 75244K, committed 75388K, reserved 1114112K
  class space    used 9539K, capacity 10140K, committed 10188K, reserved 1048576K
}
Event: 9.937 GC heap before
{Heap before GC invocations=35 (full 0):
 garbage-first heap   total 115712K, used 89047K [0x00000006e0000000, 0x0000000800000000)
  region size 1024K, 30 young (30720K), 4 survivors (4096K)
 Metaspace       used 77144K, capacity 78806K, committed 78972K, reserved 1118208K
  class space    used 10029K, capacity 10676K, committed 10700K, reserved 1048576K
}
Event: 9.940 GC heap after
{Heap after GC invocations=36 (full 0):
 garbage-first heap   total 115712K, used 63638K [0x00000006e0000000, 0x0000000800000000)
  region size 1024K, 3 young (3072K), 3 survivors (3072K)
 Metaspace       used 77144K, capacity 78806K, committed 78972K, reserved 1118208K
  class space    used 10029K, capacity 10676K, committed 10700K, reserved 1048576K
}
Event: 10.205 GC heap before
{Heap before GC invocations=36 (full 0):
 garbage-first heap   total 115712K, used 91286K [0x00000006e0000000, 0x0000000800000000)
  region size 1024K, 30 young (30720K), 3 survivors (3072K)
 Metaspace       used 78996K, capacity 80689K, committed 80764K, reserved 1120256K
  class space    used 10248K, capacity 10934K, committed 10956K, reserved 1048576K
}
Event: 10.211 GC heap after
{Heap after GC invocations=37 (full 0):
 garbage-first heap   total 139264K, used 66012K [0x00000006e0000000, 0x0000000800000000)
  region size 1024K, 4 young (4096K), 4 survivors (4096K)
 Metaspace       used 78996K, capacity 80689K, committed 80764K, reserved 1120256K
  class space    used 10248K, capacity 10934K, committed 10956K, reserved 1048576K
}
Event: 10.814 GC heap before
{Heap before GC invocations=38 (full 0):
 garbage-first heap   total 139264K, used 101852K [0x00000006e0000000, 0x0000000800000000)
  region size 1024K, 39 young (39936K), 4 survivors (4096K)
 Metaspace       used 81645K, capacity 83579K, committed 83836K, reserved 1122304K
  class space    used 10680K, capacity 11449K, committed 11468K, reserved 1048576K
}
Event: 10.819 GC heap after
{Heap after GC invocations=39 (full 0):
 garbage-first heap   total 139264K, used 68761K [0x00000006e0000000, 0x0000000800000000)
  region size 1024K, 5 young (5120K), 5 survivors (5120K)
 Metaspace       used 81645K, capacity 83579K, committed 83836K, reserved 1122304K
  class space    used 10680K, capacity 11449K, committed 11468K, reserved 1048576K
}
Event: 11.015 GC heap before
{Heap before GC invocations=39 (full 0):
 garbage-first heap   total 139264K, used 103577K [0x00000006e0000000, 0x0000000800000000)
  region size 1024K, 40 young (40960K), 5 survivors (5120K)
 Metaspace       used 82486K, capacity 84775K, committed 84860K, reserved 1122304K
  class space    used 10851K, capacity 11703K, committed 11724K, reserved 1048576K
}
Event: 11.021 GC heap after
{Heap after GC invocations=40 (full 0):
 garbage-first heap   total 139264K, used 71455K [0x00000006e0000000, 0x0000000800000000)
  region size 1024K, 3 young (3072K), 3 survivors (3072K)
 Metaspace       used 82486K, capacity 84775K, committed 84860K, reserved 1122304K
  class space    used 10851K, capacity 11703K, committed 11724K, reserved 1048576K
}
Event: 11.252 GC heap before
{Heap before GC invocations=41 (full 0):
 garbage-first heap   total 139264K, used 106271K [0x00000006e0000000, 0x0000000800000000)
  region size 1024K, 38 young (38912K), 3 survivors (3072K)
 Metaspace       used 82755K, capacity 85021K, committed 85116K, reserved 1122304K
  class space    used 10860K, capacity 11713K, committed 11724K, reserved 1048576K
}
Event: 11.256 GC heap after
{Heap after GC invocations=42 (full 0):
 garbage-first heap   total 139264K, used 73647K [0x00000006e0000000, 0x0000000800000000)
  region size 1024K, 5 young (5120K), 5 survivors (5120K)
 Metaspace       used 82755K, capacity 85021K, committed 85116K, reserved 1122304K
  class space    used 10860K, capacity 11713K, committed 11724K, reserved 1048576K
}
Event: 11.524 GC heap before
{Heap before GC invocations=42 (full 0):
 garbage-first heap   total 139264K, used 108463K [0x00000006e0000000, 0x0000000800000000)
  region size 1024K, 40 young (40960K), 5 survivors (5120K)
 Metaspace       used 83142K, capacity 85420K, committed 85500K, reserved 1122304K
  class space    used 10891K, capacity 11792K, committed 11852K, reserved 1048576K
}
Event: 11.531 GC heap after
{Heap after GC invocations=43 (full 0):
 garbage-first heap   total 167936K, used 76098K [0x00000006e0000000, 0x0000000800000000)
  region size 1024K, 5 young (5120K), 5 survivors (5120K)
 Metaspace       used 83142K, capacity 85420K, committed 85500K, reserved 1122304K
  class space    used 10891K, capacity 11792K, committed 11852K, reserved 1048576K
}
Event: 11.825 GC heap before
{Heap before GC invocations=44 (full 0):
 garbage-first heap   total 167936K, used 121154K [0x00000006e0000000, 0x0000000800000000)
  region size 1024K, 50 young (51200K), 5 survivors (5120K)
 Metaspace       used 84189K, capacity 86516K, committed 86780K, reserved 1124352K
  class space    used 10944K, capacity 11834K, committed 11852K, reserved 1048576K
}
Event: 11.830 GC heap after
{Heap after GC invocations=45 (full 0):
 garbage-first heap   total 167936K, used 79615K [0x00000006e0000000, 0x0000000800000000)
  region size 1024K, 7 young (7168K), 7 survivors (7168K)
 Metaspace       used 84189K, capacity 86516K, committed 86780K, reserved 1124352K
  class space    used 10944K, capacity 11834K, committed 11852K, reserved 1048576K
}
Event: 12.030 GC heap before
{Heap before GC invocations=45 (full 0):
 garbage-first heap   total 167936K, used 124671K [0x00000006e0000000, 0x0000000800000000)
  region size 1024K, 52 young (53248K), 7 survivors (7168K)
 Metaspace       used 85453K, capacity 87760K, committed 88060K, reserved 1126400K
  class space    used 11109K, capacity 12017K, committed 12108K, reserved 1048576K
}
Event: 12.036 GC heap after
{Heap after GC invocations=46 (full 0):
 garbage-first heap   total 167936K, used 82178K [0x00000006e0000000, 0x0000000800000000)
  region size 1024K, 6 young (6144K), 6 survivors (6144K)
 Metaspace       used 85453K, capacity 87760K, committed 88060K, reserved 1126400K
  class space    used 11109K, capacity 12017K, committed 12108K, reserved 1048576K
}
Event: 12.197 GC heap before
{Heap before GC invocations=46 (full 0):
 garbage-first heap   total 167936K, used 127234K [0x00000006e0000000, 0x0000000800000000)
  region size 1024K, 52 young (53248K), 6 survivors (6144K)
 Metaspace       used 86947K, capacity 89388K, committed 89468K, reserved 1126400K
  class space    used 11317K, capacity 12215K, committed 12236K, reserved 1048576K
}
Event: 12.204 GC heap after
{Heap after GC invocations=47 (full 0):
 garbage-first heap   total 167936K, used 84504K [0x00000006e0000000, 0x0000000800000000)
  region size 1024K, 5 young (5120K), 5 survivors (5120K)
 Metaspace       used 86947K, capacity 89388K, committed 89468K, reserved 1126400K
  class space    used 11317K, capacity 12215K, committed 12236K, reserved 1048576K
}

