# JRE version: OpenJDK Runtime Environment (11.0.13) (build 11.0.13+0-b1751.21-8125866)
# Java VM: OpenJDK 64-Bit Server VM (11.0.13+0-b1751.21-8125866, mixed mode, tiered, compressed oops, g1 gc, windows-amd64)
Heap:
 garbage-first heap   total 211968K, used 165465K [0x00000006e0000000, 0x0000000800000000)
  region size 1024K, 68 young (69632K), 6 survivors (6144K)
 Metaspace       used 97942K, capacity 100223K, committed 100464K, reserved 1136640K
  class space    used 12384K, capacity 13226K, committed 13336K, reserved 1048576K
GC Heap History (20 events):
Event: 23.530 GC heap before
{Heap before GC invocations=44 (full 0):
 garbage-first heap   total 167936K, used 110799K [0x00000006e0000000, 0x0000000800000000)
  region size 1024K, 8 young (8192K), 4 survivors (4096K)
 Metaspace       used 88621K, capacity 90679K, committed 90992K, reserved 1128448K
  class space    used 11323K, capacity 12123K, committed 12312K, reserved 1048576K
}
Event: 23.546 GC heap after
{Heap after GC invocations=45 (full 0):
 garbage-first heap   total 167936K, used 94471K [0x00000006e0000000, 0x0000000800000000)
  region size 1024K, 1 young (1024K), 1 survivors (1024K)
 Metaspace       used 88621K, capacity 90679K, committed 90992K, reserved 1128448K
  class space    used 11323K, capacity 12123K, committed 12312K, reserved 1048576K
}
Event: 26.511 GC heap before
{Heap before GC invocations=45 (full 0):
 garbage-first heap   total 167936K, used 125191K [0x00000006e0000000, 0x0000000800000000)
  region size 1024K, 32 young (32768K), 1 survivors (1024K)
 Metaspace       used 90157K, capacity 92324K, committed 92656K, reserved 1130496K
  class space    used 11479K, capacity 12274K, committed 12440K, reserved 1048576K
}
Event: 26.531 GC heap after
{Heap after GC invocations=46 (full 0):
 garbage-first heap   total 211968K, used 97600K [0x00000006e0000000, 0x0000000800000000)
  region size 1024K, 4 young (4096K), 4 survivors (4096K)
 Metaspace       used 90157K, capacity 92324K, committed 92656K, reserved 1130496K
  class space    used 11479K, capacity 12274K, committed 12440K, reserved 1048576K
}
Event: 34.029 GC heap before
{Heap before GC invocations=47 (full 0):
 garbage-first heap   total 211968K, used 140608K [0x00000006e0000000, 0x0000000800000000)
  region size 1024K, 51 young (52224K), 4 survivors (4096K)
 Metaspace       used 91246K, capacity 93498K, committed 93808K, reserved 1130496K
  class space    used 11615K, capacity 12440K, committed 12568K, reserved 1048576K
}
Event: 34.359 GC heap after
{Heap after GC invocations=48 (full 0):
 garbage-first heap   total 211968K, used 96295K [0x00000006e0000000, 0x0000000800000000)
  region size 1024K, 7 young (7168K), 7 survivors (7168K)
 Metaspace       used 91246K, capacity 93498K, committed 93808K, reserved 1130496K
  class space    used 11615K, capacity 12440K, committed 12568K, reserved 1048576K
}
Event: 35.359 GC heap before
{Heap before GC invocations=48 (full 0):
 garbage-first heap   total 211968K, used 99367K [0x00000006e0000000, 0x0000000800000000)
  region size 1024K, 10 young (10240K), 7 survivors (7168K)
 Metaspace       used 91268K, capacity 93498K, committed 93808K, reserved 1130496K
  class space    used 11621K, capacity 12440K, committed 12568K, reserved 1048576K
}
Event: 35.379 GC heap after
{Heap after GC invocations=49 (full 0):
 garbage-first heap   total 211968K, used 92804K [0x00000006e0000000, 0x0000000800000000)
  region size 1024K, 1 young (1024K), 1 survivors (1024K)
 Metaspace       used 91268K, capacity 93498K, committed 93808K, reserved 1130496K
  class space    used 11621K, capacity 12440K, committed 12568K, reserved 1048576K
}
Event: 38.285 GC heap before
{Heap before GC invocations=49 (full 0):
 garbage-first heap   total 211968K, used 147076K [0x00000006e0000000, 0x0000000800000000)
  region size 1024K, 53 young (54272K), 1 survivors (1024K)
 Metaspace       used 92234K, capacity 94344K, committed 94704K, reserved 1132544K
  class space    used 11715K, capacity 12509K, committed 12696K, reserved 1048576K
}
Event: 38.297 GC heap after
{Heap after GC invocations=50 (full 0):
 garbage-first heap   total 211968K, used 97087K [0x00000006e0000000, 0x0000000800000000)
  region size 1024K, 6 young (6144K), 6 survivors (6144K)
 Metaspace       used 92234K, capacity 94344K, committed 94704K, reserved 1132544K
  class space    used 11715K, capacity 12509K, committed 12696K, reserved 1048576K
}
Event: 39.717 GC heap before
{Heap before GC invocations=50 (full 0):
 garbage-first heap   total 211968K, used 151359K [0x00000006e0000000, 0x0000000800000000)
  region size 1024K, 59 young (60416K), 6 survivors (6144K)
 Metaspace       used 92841K, capacity 94952K, committed 95216K, reserved 1132544K
  class space    used 11793K, capacity 12605K, committed 12696K, reserved 1048576K
}
Event: 39.765 GC heap after
{Heap after GC invocations=51 (full 0):
 garbage-first heap   total 211968K, used 97535K [0x00000006e0000000, 0x0000000800000000)
  region size 1024K, 1 young (1024K), 1 survivors (1024K)
 Metaspace       used 92841K, capacity 94952K, committed 95216K, reserved 1132544K
  class space    used 11793K, capacity 12605K, committed 12696K, reserved 1048576K
}
Event: 42.046 GC heap before
{Heap before GC invocations=51 (full 0):
 garbage-first heap   total 211968K, used 154879K [0x00000006e0000000, 0x0000000800000000)
  region size 1024K, 58 young (59392K), 1 survivors (1024K)
 Metaspace       used 93757K, capacity 95915K, committed 96112K, reserved 1132544K
  class space    used 11875K, capacity 12670K, committed 12824K, reserved 1048576K
}
Event: 42.055 GC heap after
{Heap after GC invocations=52 (full 0):
 garbage-first heap   total 211968K, used 98698K [0x00000006e0000000, 0x0000000800000000)
  region size 1024K, 2 young (2048K), 2 survivors (2048K)
 Metaspace       used 93757K, capacity 95915K, committed 96112K, reserved 1132544K
  class space    used 11875K, capacity 12670K, committed 12824K, reserved 1048576K
}
Event: 43.375 GC heap before
{Heap before GC invocations=53 (full 0):
 garbage-first heap   total 211968K, used 163210K [0x00000006e0000000, 0x0000000800000000)
  region size 1024K, 65 young (66560K), 2 survivors (2048K)
 Metaspace       used 94818K, capacity 96974K, committed 97264K, reserved 1134592K
  class space    used 12013K, capacity 12831K, committed 12952K, reserved 1048576K
}
Event: 43.383 GC heap after
{Heap after GC invocations=54 (full 0):
 garbage-first heap   total 211968K, used 100115K [0x00000006e0000000, 0x0000000800000000)
  region size 1024K, 4 young (4096K), 4 survivors (4096K)
 Metaspace       used 94818K, capacity 96974K, committed 97264K, reserved 1134592K
  class space    used 12013K, capacity 12831K, committed 12952K, reserved 1048576K
}
Event: 43.474 GC heap before
{Heap before GC invocations=54 (full 0):
 garbage-first heap   total 211968K, used 106259K [0x00000006e0000000, 0x0000000800000000)
  region size 1024K, 10 young (10240K), 4 survivors (4096K)
 Metaspace       used 95082K, capacity 97294K, committed 97520K, reserved 1134592K
  class space    used 12026K, capacity 12831K, committed 12952K, reserved 1048576K
}
Event: 43.478 GC heap after
{Heap after GC invocations=55 (full 0):
 garbage-first heap   total 211968K, used 99359K [0x00000006e0000000, 0x0000000800000000)
  region size 1024K, 2 young (2048K), 2 survivors (2048K)
 Metaspace       used 95082K, capacity 97294K, committed 97520K, reserved 1134592K
  class space    used 12026K, capacity 12831K, committed 12952K, reserved 1048576K
}
Event: 45.332 GC heap before
{Heap before GC invocations=55 (full 0):
 garbage-first heap   total 211968K, used 163871K [0x00000006e0000000, 0x0000000800000000)
  region size 1024K, 66 young (67584K), 2 survivors (2048K)
 Metaspace       used 96556K, capacity 98833K, committed 98928K, reserved 1134592K
  class space    used 12201K, capacity 13042K, committed 13080K, reserved 1048576K
}
Event: 45.345 GC heap after
{Heap after GC invocations=56 (full 0):
 garbage-first heap   total 211968K, used 104025K [0x00000006e0000000, 0x0000000800000000)
  region size 1024K, 6 young (6144K), 6 survivors (6144K)
 Metaspace       used 96556K, capacity 98833K, committed 98928K, reserved 1134592K
  class space    used 12201K, capacity 13042K, committed 13080K, reserved 1048576K
}

